[    0.000000] Initializing cgroup subsys cpuset
[    0.000000] Initializing cgroup subsys cpu
[    0.000000] Initializing cgroup subsys cpuacct
[    0.000000] Linux version 4.4.0-210-generic (buildd@lgw01-amd64-009) (gcc version 5.4.0 20160609 (Ubuntu 5.4.0-6ubuntu1~16.04.12) ) #242-Ubuntu SMP Fri Apr 16 09:57:56 UTC 2021 (Ubuntu 4.4.0-210.242-generic 4.4.262)
[    0.000000] Command line: BOOT_IMAGE=/boot/vmlinuz-4.4.0-210-generic root=LABEL=cloudimg-rootfs ro console=tty1 console=ttyS0
[    0.000000] KERNEL supported cpus:
[    0.000000]   Intel GenuineIntel
[    0.000000]   AMD AuthenticAMD
[    0.000000]   Centaur CentaurHauls
[    0.000000] x86/fpu: Legacy x87 FPU detected.
[    0.000000] e820: BIOS-provided physical RAM map:
[    0.000000] BIOS-e820: [mem 0x0000000000000000-0x000000000009fbff] usable
[    0.000000] BIOS-e820: [mem 0x000000000009fc00-0x000000000009ffff] reserved
[    0.000000] BIOS-e820: [mem 0x00000000000f0000-0x00000000000fffff] reserved
[    0.000000] BIOS-e820: [mem 0x0000000000100000-0x000000003ffeffff] usable
[    0.000000] BIOS-e820: [mem 0x000000003fff0000-0x000000003fffffff] ACPI data
[    0.000000] BIOS-e820: [mem 0x00000000fec00000-0x00000000fec00fff] reserved
[    0.000000] BIOS-e820: [mem 0x00000000fee00000-0x00000000fee00fff] reserved
[    0.000000] BIOS-e820: [mem 0x00000000fffc0000-0x00000000ffffffff] reserved
[    0.000000] NX (Execute Disable) protection: active
[    0.000000] SMBIOS 2.5 present.
[    0.000000] Hypervisor detected: KVM
[    0.000000] e820: last_pfn = 0x3fff0 max_arch_pfn = 0x400000000
[    0.000000] MTRR: Disabled
[    0.000000] x86/PAT: MTRRs disabled, skipping PAT initialization too.
[    0.000000] CPU MTRRs all blank - virtualized system.
[    0.000000] x86/PAT: Configuration [0-7]: WB  WT  UC- UC  WB  WT  UC- UC  
[    0.000000] found SMP MP-table at [mem 0x0009fff0-0x0009ffff] mapped at [ffff88000009fff0]
[    0.000000] Scanning 1 areas for low memory corruption
[    0.000000] RAMDISK: [mem 0x362dc000-0x37165fff]
[    0.000000] ACPI: Early table checksum verification disabled
[    0.000000] ACPI: RSDP 0x00000000000E0000 000024 (v02 VBOX  )
[    0.000000] ACPI: XSDT 0x000000003FFF0030 00003C (v01 VBOX   VBOXXSDT 00000001 ASL  00000061)
[    0.000000] ACPI: FACP 0x000000003FFF00F0 0000F4 (v04 VBOX   VBOXFACP 00000001 ASL  00000061)
[    0.000000] ACPI: DSDT 0x000000003FFF0470 002325 (v02 VBOX   VBOXBIOS 00000002 INTL 20100528)
[    0.000000] ACPI: FACS 0x000000003FFF0200 000040
[    0.000000] ACPI: FACS 0x000000003FFF0200 000040
[    0.000000] ACPI: APIC 0x000000003FFF0240 00005C (v02 VBOX   VBOXAPIC 00000001 ASL  00000061)
[    0.000000] ACPI: SSDT 0x000000003FFF02A0 0001CC (v01 VBOX   VBOXCPUT 00000002 INTL 20100528)
[    0.000000] No NUMA configuration found
[    0.000000] Faking a node at [mem 0x0000000000000000-0x000000003ffeffff]
[    0.000000] NODE_DATA(0) allocated [mem 0x3ffeb000-0x3ffeffff]
[    0.000000] kvm-clock: Using msrs 4b564d01 and 4b564d00
[    0.000000] kvm-clock: cpu 0, msr 0:3ffe3001, primary cpu clock
[    0.000000] kvm-clock: using sched offset of 5124434318 cycles
[    0.000000] clocksource: kvm-clock: mask: 0xffffffffffffffff max_cycles: 0x1cd42e4dffb, max_idle_ns: 881590591483 ns
[    0.000000] Zone ranges:
[    0.000000]   DMA      [mem 0x0000000000001000-0x0000000000ffffff]
[    0.000000]   DMA32    [mem 0x0000000001000000-0x000000003ffeffff]
[    0.000000]   Normal   empty
[    0.000000]   Device   empty
[    0.000000] Movable zone start for each node
[    0.000000] Early memory node ranges
[    0.000000]   node   0: [mem 0x0000000000001000-0x000000000009efff]
[    0.000000]   node   0: [mem 0x0000000000100000-0x000000003ffeffff]
[    0.000000] Initmem setup node 0 [mem 0x0000000000001000-0x000000003ffeffff]
[    0.000000] ACPI: PM-Timer IO Port: 0x4008
[    0.000000] IOAPIC[0]: apic_id 2, version 32, address 0xfec00000, GSI 0-23
[    0.000000] ACPI: INT_SRC_OVR (bus 0 bus_irq 0 global_irq 2 dfl dfl)
[    0.000000] ACPI: INT_SRC_OVR (bus 0 bus_irq 9 global_irq 9 low level)
[    0.000000] Using ACPI (MADT) for SMP configuration information
[    0.000000] smpboot: Allowing 2 CPUs, 0 hotplug CPUs
[    0.000000] PM: Registered nosave memory: [mem 0x00000000-0x00000fff]
[    0.000000] PM: Registered nosave memory: [mem 0x0009f000-0x0009ffff]
[    0.000000] PM: Registered nosave memory: [mem 0x000a0000-0x000effff]
[    0.000000] PM: Registered nosave memory: [mem 0x000f0000-0x000fffff]
[    0.000000] e820: [mem 0x40000000-0xfebfffff] available for PCI devices
[    0.000000] Booting paravirtualized kernel on KVM
[    0.000000] clocksource: refined-jiffies: mask: 0xffffffff max_cycles: 0xffffffff, max_idle_ns: 7645519600211568 ns
[    0.000000] setup_percpu: NR_CPUS:512 nr_cpumask_bits:512 nr_cpu_ids:2 nr_node_ids:1
[    0.000000] PERCPU: Embedded 33 pages/cpu @ffff88003fc00000 s95192 r8192 d31784 u1048576
[    0.000000] Built 1 zonelists in Node order, mobility grouping on.  Total pages: 257912
[    0.000000] Policy zone: DMA32
[    0.000000] Kernel command line: BOOT_IMAGE=/boot/vmlinuz-4.4.0-210-generic root=LABEL=cloudimg-rootfs ro console=tty1 console=ttyS0
[    0.000000] PID hash table entries: 4096 (order: 3, 32768 bytes)
[    0.000000] Memory: 997792K/1048120K available (8644K kernel code, 1332K rwdata, 4044K rodata, 1492K init, 1164K bss, 50328K reserved, 0K cma-reserved)
[    0.000000] SLUB: HWalign=64, Order=0-3, MinObjects=0, CPUs=2, Nodes=1
[    0.000000] Kernel/User page tables isolation: enabled
[    0.000000] Hierarchical RCU implementation.
[    0.000000] 	Build-time adjustment of leaf fanout to 64.
[    0.000000] 	RCU restricting CPUs from NR_CPUS=512 to nr_cpu_ids=2.
[    0.000000] RCU: Adjusting geometry for rcu_fanout_leaf=64, nr_cpu_ids=2
[    0.000000] NR_IRQS:33024 nr_irqs:440 16
[    0.000000] Console: colour VGA+ 80x25
[    0.000000] console [tty1] enabled
[    0.000000] console [ttyS0] enabled
[    0.000000] tsc: Detected 2394.454 MHz processor
[    1.021329] Calibrating delay loop (skipped) preset value.. 4788.90 BogoMIPS (lpj=9577816)
[    1.045266] pid_max: default: 32768 minimum: 301
[    1.059177] ACPI: Core revision 20150930
[    1.071563] ACPI: 2 ACPI AML tables successfully acquired and loaded
[    1.089845] Security Framework initialized
[    1.103594] Yama: becoming mindful.
[    1.113309] AppArmor: AppArmor initialized
[    1.124714] Dentry cache hash table entries: 131072 (order: 8, 1048576 bytes)
[    1.152877] Inode-cache hash table entries: 65536 (order: 7, 524288 bytes)
[    1.176047] Mount-cache hash table entries: 2048 (order: 2, 16384 bytes)
[    1.191503] Mountpoint-cache hash table entries: 2048 (order: 2, 16384 bytes)
[    1.206538] Initializing cgroup subsys io
[    1.216963] Initializing cgroup subsys memory
[    1.226860] Initializing cgroup subsys devices
[    1.234109] Initializing cgroup subsys freezer
[    1.244693] Initializing cgroup subsys net_cls
[    1.253828] Initializing cgroup subsys perf_event
[    1.265491] Initializing cgroup subsys net_prio
[    1.276772] Initializing cgroup subsys hugetlb
[    1.285522] Initializing cgroup subsys pids
[    1.296466] mce: CPU supports 0 MCE banks
[    1.305893] Last level iTLB entries: 4KB 1024, 2MB 1024, 4MB 1024
[    1.321900] Last level dTLB entries: 4KB 1024, 2MB 1024, 4MB 1024, 1GB 4
[    1.338637] Spectre V1 : Mitigation: usercopy/swapgs barriers and __user pointer sanitization
[    1.361463] Spectre V2 : Mitigation: Full generic retpoline
[    1.374349] Spectre V2 : Spectre v2 / SpectreRSB mitigation: Filling RSB on context switch
[    1.396086] Speculative Store Bypass: Vulnerable
[    1.406858] MDS: Mitigation: Clear CPU buffers
[    1.486635] Freeing SMP alternatives memory: 36K
[    1.638408] ftrace: allocating 32380 entries in 127 pages
[    2.639950] smpboot: APIC(0) Converting physical 0 to logical package 0
[    2.655740] smpboot: Max logical packages: 1
[    2.686009] ..TIMER: vector=0x30 apic1=0 pin1=2 apic2=-1 pin2=-1
[    2.806095] smpboot: CPU0: Intel(R) Core(TM) i5-4210U CPU @ 1.70GHz (family: 0x6, model: 0x45, stepping: 0x1)
[    2.828431] Performance Events: unsupported p6 CPU model 69 no PMU driver, software events only.
[    2.994043] KVM setup paravirtual spinlock
[    3.004725] x86: Booting SMP configuration:
[    3.012322] .... node  #0, CPUs:      #1
[    3.021398] kvm-clock: cpu 1, msr 0:3ffe3041, secondary cpu clock
[    3.032026] mce: CPU supports 0 MCE banks
[    3.038124] TSC synchronization [CPU#0 -> CPU#1]:
[    3.045502] Measured 173885 cycles TSC warp between CPUs, turning off TSC clock.
[    3.058996] tsc: Marking TSC unstable due to check_tsc_sync_source failed
[    0.763054] x86: Booted up 1 node, 2 CPUs
[    0.764006] smpboot: Total of 2 processors activated (9577.81 BogoMIPS)
[    0.773009] devtmpfs: initialized
[    0.778267] evm: security.selinux
[    0.780008] evm: security.SMACK64
[    0.784004] evm: security.SMACK64EXEC
[    0.788008] evm: security.SMACK64TRANSMUTE
[    0.792009] evm: security.SMACK64MMAP
[    0.796004] evm: security.ima
[    0.800005] evm: security.capability
[    0.808415] clocksource: jiffies: mask: 0xffffffff max_cycles: 0xffffffff, max_idle_ns: 7645041785100000 ns
[    0.812029] futex hash table entries: 512 (order: 3, 32768 bytes)
[    0.816721] pinctrl core: initialized pinctrl subsystem
[    0.825118] RTC time: 10:33:01, date: 10/02/22
[    0.832829] NET: Registered protocol family 16
[    0.848017] cpuidle: using governor ladder
[    0.864014] cpuidle: using governor menu
[    0.868186] PCCT header not found.
[    0.872187] ACPI: bus type PCI registered
[    0.876006] acpiphp: ACPI Hot Plug PCI Controller Driver version: 0.5
[    0.880809] PCI: Using configuration type 1 for base access
[    0.904917] ACPI: Added _OSI(Module Device)
[    0.908006] ACPI: Added _OSI(Processor Device)
[    0.912005] ACPI: Added _OSI(3.0 _SCP Extensions)
[    0.916009] ACPI: Added _OSI(Processor Aggregator Device)
[    0.924458] ACPI: Executed 1 blocks of module-level executable AML code
[    0.935352] ACPI: Interpreter enabled
[    0.936020] ACPI: (supports S0 S5)
[    0.940005] ACPI: Using IOAPIC for interrupt routing
[    0.944621] PCI: Using host bridge windows from ACPI; if necessary, use "pci=nocrs" and report a bug
[    0.965287] ACPI: PCI Root Bridge [PCI0] (domain 0000 [bus 00-ff])
[    0.968025] acpi PNP0A03:00: _OSC: OS supports [ASPM ClockPM Segments MSI]
[    0.976285] acpi PNP0A03:00: _OSC: not requesting OS control; OS requires [ExtendedConfig ASPM ClockPM MSI]
[    0.984027] acpi PNP0A03:00: fail to add MMCONFIG information, can't access extended PCI configuration space under this bridge.
[    0.989227] PCI host bridge to bus 0000:00
[    0.992011] pci_bus 0000:00: root bus resource [io  0x0000-0x0cf7 window]
[    0.996017] pci_bus 0000:00: root bus resource [io  0x0d00-0xffff window]
[    1.000242] pci_bus 0000:00: root bus resource [mem 0x000a0000-0x000bffff window]
[    1.024009] pci_bus 0000:00: root bus resource [mem 0x40000000-0xfdffffff window]
[    1.040015] pci_bus 0000:00: root bus resource [bus 00-ff]
[    1.065032] pci 0000:00:01.1: legacy IDE quirk: reg 0x10: [io  0x01f0-0x01f7]
[    1.076008] pci 0000:00:01.1: legacy IDE quirk: reg 0x14: [io  0x03f6]
[    1.084007] pci 0000:00:01.1: legacy IDE quirk: reg 0x18: [io  0x0170-0x0177]
[    1.096007] pci 0000:00:01.1: legacy IDE quirk: reg 0x1c: [io  0x0376]
[    1.141350] pci 0000:00:07.0: quirk: [io  0x4000-0x403f] claimed by PIIX4 ACPI
[    1.152070] pci 0000:00:07.0: quirk: [io  0x4100-0x410f] claimed by PIIX4 SMB
[    1.182070] ACPI: PCI Interrupt Link [LNKA] (IRQs 5 9 10 *11)
[    1.229050] ACPI: PCI Interrupt Link [LNKB] (IRQs 5 9 *10 11)
[    1.248292] ACPI: PCI Interrupt Link [LNKC] (IRQs 5 *9 10 11)
[    1.264289] ACPI: PCI Interrupt Link [LNKD] (IRQs 5 9 10 *11)
[    1.283354] ACPI: Enabled 2 GPEs in block 00 to 07
[    1.292511] vgaarb: setting as boot device: PCI:0000:00:02.0
[    1.296000] vgaarb: device added: PCI:0000:00:02.0,decodes=io+mem,owns=io+mem,locks=none
[    1.316010] vgaarb: loaded
[    1.324006] vgaarb: bridge control possible 0000:00:02.0
[    1.332554] SCSI subsystem initialized
[    1.340179] ACPI: bus type USB registered
[    1.348041] usbcore: registered new interface driver usbfs
[    1.360081] usbcore: registered new interface driver hub
[    1.368024] usbcore: registered new device driver usb
[    1.380626] PCI: Using ACPI for IRQ routing
[    1.389458] NetLabel: Initializing
[    1.396004] NetLabel:  domain hash size = 128
[    1.404004] NetLabel:  protocols = UNLABELED CIPSOv4
[    1.412023] NetLabel:  unlabeled traffic allowed by default
[    1.424148] amd_nb: Cannot enumerate AMD northbridges
[    1.432406] clocksource: Switched to clocksource kvm-clock
[    1.488341] AppArmor: AppArmor Filesystem Enabled
[    1.497435] pnp: PnP ACPI init
[    1.506601] pnp: PnP ACPI: found 3 devices
[    1.584927] clocksource: acpi_pm: mask: 0xffffff max_cycles: 0xffffff, max_idle_ns: 2085701024 ns
[    1.599202] NET: Registered protocol family 2
[    1.607641] TCP established hash table entries: 8192 (order: 4, 65536 bytes)
[    1.618625] TCP bind hash table entries: 8192 (order: 5, 131072 bytes)
[    1.630159] TCP: Hash tables configured (established 8192 bind 8192)
[    1.640897] UDP hash table entries: 512 (order: 2, 16384 bytes)
[    1.650484] UDP-Lite hash table entries: 512 (order: 2, 16384 bytes)
[    1.660479] NET: Registered protocol family 1
[    1.668109] pci 0000:00:00.0: Limiting direct PCI/PCI transfers
[    1.677424] pci 0000:00:01.0: Activating ISA DMA hang workarounds
[    1.689710] Unpacking initramfs...
[    1.747026] Freeing initrd memory: 14888K
[    2.223375] RAPL PMU detected, API unit is 2^-32 Joules, 4 fixed counters 10737418240 ms ovfl timer
[    2.247354] hw unit of domain pp0-core 2^-0 Joules
[    2.260783] hw unit of domain package 2^-0 Joules
[    2.270635] hw unit of domain dram 2^-0 Joules
[    2.279008] hw unit of domain pp1-gpu 2^-0 Joules
[    2.287864] clocksource: tsc: mask: 0xffffffffffffffff max_cycles: 0x2283c0783fd, max_idle_ns: 440795301468 ns
[    2.303378] platform rtc_cmos: registered platform RTC device (no PNP device found)
[    2.315465] Scanning for low memory corruption every 60 seconds
[    2.326264] audit: initializing netlink subsys (disabled)
[    2.335648] audit: type=2000 audit(1664706787.341:1): initialized
[    2.345211] Initialise system trusted keyring
[    2.355272] HugeTLB registered 2 MB page size, pre-allocated 0 pages
[    2.369473] zbud: loaded
[    2.376794] VFS: Disk quotas dquot_6.6.0
[    2.383836] VFS: Dquot-cache hash table entries: 512 (order 0, 4096 bytes)
[    2.396958] squashfs: version 4.0 (2009/01/31) Phillip Lougher
[    2.408547] fuse init (API version 7.23)
[    2.416070] Key type big_key registered
[    2.423351] Allocating IMA MOK and blacklist keyrings.
[    2.446474] Key type asymmetric registered
[    2.454366] Asymmetric key parser 'x509' registered
[    2.462697] Block layer SCSI generic (bsg) driver version 0.4 loaded (major 249)
[    2.475320] io scheduler noop registered
[    2.482040] io scheduler deadline registered (default)
[    2.490852] io scheduler cfq registered
[    2.497547] pci_hotplug: PCI Hot Plug PCI Core version: 0.5
[    2.506776] pciehp: PCI Express Hot Plug Controller Driver version: 0.4
[    2.517861] ACPI: AC Adapter [AC] (on-line)
[    2.525066] input: Power Button as /devices/LNXSYSTM:00/LNXPWRBN:00/input/input0
[    2.539024] ACPI: Power Button [PWRF]
[    2.545657] input: Sleep Button as /devices/LNXSYSTM:00/LNXSLPBN:00/input/input1
[    2.558351] ACPI: Sleep Button [SLPF]
[    2.568660] GHES: HEST is not enabled!
[    2.575189] ACPI: Battery Slot [BAT0] (battery present)
[    2.586274] Serial: 8250/16550 driver, 32 ports, IRQ sharing enabled
[    2.627092] 00:02: ttyS0 at I/O 0x3f8 (irq = 4, base_baud = 115200) is a 16550A
[    2.669843] Linux agpgart interface v0.103
[    2.695888] loop: module loaded
[    2.705374] scsi host0: ata_piix
[    2.711756] scsi host1: ata_piix
[    2.715633] ata1: PATA max UDMA/33 cmd 0x1f0 ctl 0x3f6 bmdma 0xd000 irq 14
[    2.715633] ata2: PATA max UDMA/33 cmd 0x170 ctl 0x376 bmdma 0xd008 irq 15
[    2.738819] libphy: Fixed MDIO Bus: probed
[    2.741589] tun: Universal TUN/TAP device driver, 1.6
[    2.741589] tun: (C) 1999-2004 Max Krasnyansky <maxk@qualcomm.com>
[    2.766558] PPP generic driver version 2.4.2
[    2.776097] ehci_hcd: USB 2.0 'Enhanced' Host Controller (EHCI) Driver
[    2.787129] ehci-pci: EHCI PCI platform driver
[    2.794868] ehci-platform: EHCI generic platform driver
[    2.804882] ohci_hcd: USB 1.1 'Open' Host Controller (OHCI) Driver
[    2.815671] ohci-pci: OHCI PCI platform driver
[    2.826076] ohci-platform: OHCI generic platform driver
[    2.837380] uhci_hcd: USB Universal Host Controller Interface driver
[    2.855169] i8042: PNP: PS/2 Controller [PNP0303:PS2K,PNP0f03:PS2M] at 0x60,0x64 irq 1,12
[    2.882795] serio: i8042 KBD port at 0x60,0x64 irq 1
[    2.896095] serio: i8042 AUX port at 0x60,0x64 irq 12
[    2.906419] mousedev: PS/2 mouse device common for all mice
[    2.918992] input: AT Translated Set 2 keyboard as /devices/platform/i8042/serio0/input/input2
[    2.964737] rtc_cmos rtc_cmos: rtc core: registered rtc_cmos as rtc0
[    2.986588] rtc_cmos rtc_cmos: alarms up to one day, 114 bytes nvram
[    3.004791] i2c /dev entries driver
[    3.015378] device-mapper: uevent: version 1.0.3
[    3.040020] device-mapper: ioctl: 4.34.0-ioctl (2015-10-28) initialised: dm-devel@redhat.com
[    3.061624] ledtrig-cpu: registered to indicate activity on CPUs
[    3.081935] NET: Registered protocol family 10
[    3.094463] NET: Registered protocol family 17
[    3.105786] Key type dns_resolver registered
[    3.114342] registered taskstats version 1
[    3.121862] Loading compiled-in X.509 certificates
[    3.131430] Loaded X.509 cert 'Build time autogenerated kernel key: cf00e047681d67edb2720680708b7d9498083038'
[    3.153355] zswap: loaded using pool lzo/zbud
[    3.180049] Key type trusted registered
[    3.214952] Key type encrypted registered
[    3.225840] AppArmor: AppArmor sha1 policy hashing enabled
[    3.240071] ima: No TPM chip found, activating TPM-bypass!
[    3.254819] ima: Allocated hash algorithm: sha1
[    3.271617] evm: HMAC attrs: 0x1
[    3.284357]   Magic number: 10:263:577
[    3.292540] rtc_cmos rtc_cmos: setting system clock to 2022-10-02 10:33:03 UTC (1664706783)
[    3.309677] BIOS EDD facility v0.16 2004-Jun-25, 0 devices found
[    3.320357] EDD information not available.
[    3.333528] Freeing unused kernel memory: 1492K
[    3.336206] Write protecting the kernel read-only data: 14336k
[    3.355643] Freeing unused kernel memory: 1584K
[    3.364421] Freeing unused kernel memory: 52K
Loading, please wait...
starting version 229
[    3.415619] random: systemd-udevd: uninitialized urandom read (16 bytes read, 6 bits of entropy available)
[    3.417229] random: udevadm: uninitialized urandom read (16 bytes read, 6 bits of entropy available)
[    3.417256] random: udevadm: uninitialized urandom read (16 bytes read, 6 bits of entropy available)
[    3.439280] random: udevadm: uninitialized urandom read (16 bytes read, 6 bits of entropy available)
[    3.439335] random: udevadm: uninitialized urandom read (16 bytes read, 6 bits of entropy available)
[    3.439587] random: udevadm: uninitialized urandom read (16 bytes read, 6 bits of entropy available)
[    3.439656] random: udevadm: uninitialized urandom read (16 bytes read, 6 bits of entropy available)
[    3.439770] random: udevadm: uninitialized urandom read (16 bytes read, 6 bits of entropy available)
[    3.440513] random: udevadm: uninitialized urandom read (16 bytes read, 6 bits of entropy available)
[    3.440672] random: udevadm: uninitialized urandom read (16 bytes read, 6 bits of entropy available)
[    3.644942] e1000: Intel(R) PRO/1000 Network Driver - version 7.3.21-k8-NAPI
[    3.657880] e1000: Copyright (c) 1999-2006 Intel Corporation.
[    3.686723] Fusion MPT base driver 3.04.20
[    3.688160] Copyright (c) 1999-2008 LSI Corporation
[    3.766576] Fusion MPT SPI Host driver 3.04.20
[    4.081805] input: ImExPS/2 Generic Explorer Mouse as /devices/platform/i8042/serio1/input/input4
[    4.695492] e1000 0000:00:03.0 eth0: (PCI:33MHz:32-bit) 02:be:82:6b:cc:1d
[    4.706909] e1000 0000:00:03.0 eth0: Intel(R) PRO/1000 Network Connection
[    4.721753] mptbase: ioc0: Initiating bringup
[    4.800588] ioc0: LSI53C1030 A0: Capabilities={Initiator}
[    4.995889] scsi host2: ioc0: LSI53C1030 A0, FwRev=00000000h, Ports=1, MaxQ=256, IRQ=20
[    5.123224] scsi 2:0:0:0: Direct-Access     VBOX     HARDDISK         1.0  PQ: 0 ANSI: 5
[    5.137750] scsi target2:0:0: Beginning Domain Validation
[    5.159333] scsi target2:0:0: Domain Validation skipping write tests
[    5.170771] scsi target2:0:0: Ending Domain Validation
[    5.181587] scsi target2:0:0: asynchronous
[    5.197182] scsi 2:0:1:0: Direct-Access     VBOX     HARDDISK         1.0  PQ: 0 ANSI: 5
[    5.211943] scsi target2:0:1: Beginning Domain Validation
[    5.237399] scsi target2:0:1: Domain Validation skipping write tests
[    5.257826] scsi target2:0:1: Ending Domain Validation
[    5.275247] scsi target2:0:1: asynchronous
[    5.311947] sd 2:0:0:0: Attached scsi generic sg0 type 0
[    5.368369] sd 2:0:0:0: [sda] 83886080 512-byte logical blocks: (42.9 GB/40.0 GiB)
[    5.383231] sd 2:0:1:0: Attached scsi generic sg1 type 0
[    5.387323] sd 2:0:1:0: [sdb] 20480 512-byte logical blocks: (10.5 MB/10.0 MiB)
[    5.388846] sd 2:0:1:0: [sdb] Write Protect is off
[    5.390062] sd 2:0:1:0: [sdb] Incomplete mode parameter data
[    5.390064] sd 2:0:1:0: [sdb] Assuming drive cache: write through
[    5.421417] sd 2:0:0:0: [sda] Write Protect is off
[    5.422249] sd 2:0:0:0: [sda] Incomplete mode parameter data
[    5.422251] sd 2:0:0:0: [sda] Assuming drive cache: write through
[    5.495449]  sda: sda1
[    5.505050] sd 2:0:0:0: [sda] Attached SCSI disk
[    5.522354] sd 2:0:1:0: [sdb] Attached SCSI disk
[    6.204929] e1000 0000:00:08.0 eth1: (PCI:33MHz:32-bit) 08:00:27:74:78:45
[    6.216639] e1000 0000:00:08.0 eth1: Intel(R) PRO/1000 Network Connection
[    6.231287] e1000 0000:00:03.0 enp0s3: renamed from eth0
[    6.257250] e1000 0000:00:08.0 enp0s8: renamed from eth1
Begin: Loading essential drivers ... [    8.382911] md: linear personality registered for level -1
[    8.404421] md: multipath personality registered for level -4
[    8.423467] md: raid0 personality registered for level 0
[    8.470536] md: raid1 personality registered for level 1
[    9.537588] raid6: sse2x1   gen() 117652 MB/s
[   10.537146] raid6: sse2x1   xor() 89036 MB/s
[   11.539673] raid6: sse2x2   gen() 145881 MB/s
[   13.537619] raid6: sse2x2   xor() 98705 MB/s
[   13.618853] raid6: sse2x4   gen() 10620 MB/s
[   13.694404] raid6: sse2x4   xor()  7384 MB/s
[   13.702238] raid6: using algorithm sse2x2 gen() 145881 MB/s
[   13.711804] raid6: .... xor() 98705 MB/s, rmw enabled
[   13.721373] raid6: using ssse3x2 recovery algorithm
[   13.734324] xor: measuring software checksum speed
[   13.780751]    prefetch64-sse: 14924.000 MB/sec
[   13.828643]    generic_sse: 13580.000 MB/sec
[   13.836917] xor: using function: prefetch64-sse (14924.000 MB/sec)
[   13.859346] async_tx: api initialized (async)
[   13.954286] md: raid6 personality registered for level 6
[   13.963490] md: raid5 personality registered for level 5
[   13.971610] md: raid4 personality registered for level 4
[   14.015128] md: raid10 personality registered for level 10
done.
Begin: Running /scripts/init-premount ... done.
Begin: Mounting root file system ... Begin: Running /scripts/local-top ... done.
Begin: Running /scripts/local-premount ... [   14.168691] Btrfs loaded
Scanning for Btrfs filesystems
done.
Warning: fsck not present, so skipping root file system
[   14.393532] EXT4-fs (sda1): mounted filesystem with ordered data mode. Opts: (null)
done.
Begin: Running /scripts/local-bottom ... done.
Begin: Running /scripts/init-bottom ... done.
[   15.206703] random: nonblocking pool is initialized
[   15.486089] systemd[1]: systemd 229 running in system mode. (+PAM +AUDIT +SELINUX +IMA +APPARMOR +SMACK +SYSVINIT +UTMP +LIBCRYPTSETUP +GCRYPT +GNUTLS +ACL +XZ -LZ4 +SECCOMP +BLKID +ELFUTILS +KMOD -IDN)
[   15.516590] systemd[1]: Detected virtualization oracle.
[   15.526412] systemd[1]: Detected architecture x86-64.

Welcome to [1mUbuntu 16.04.7 LTS[0m!

[   15.602022] systemd[1]: Set hostname to <ubuntu>.
[   15.619133] systemd[1]: Initializing machine ID from random generator.
[   15.629298] systemd[1]: Installed transient /etc/machine-id file.
[   16.734625] systemd[1]: Reached target System Time Synchronized.
[[0;32m  OK  [0m] Reached target System Time Synchronized.
[   16.756872] systemd[1]: Listening on LVM2 poll daemon socket.
[[0;32m  OK  [0m] Listening on LVM2 poll daemon socket.
[   16.775704] systemd[1]: Listening on Device-mapper event daemon FIFOs.
[[0;32m  OK  [0m] Listening on Device-mapper event daemon FIFOs.
[   16.796101] systemd[1]: Listening on Journal Audit Socket.
[[0;32m  OK  [0m] Listening on Journal Audit Socket.
[   16.814326] systemd[1]: Listening on LVM2 metadata daemon socket.
[[0;32m  OK  [0m] Listening on LVM2 metadata daemon socket.
[   16.834693] systemd[1]: Reached target Encrypted Volumes.
[[0;32m  OK  [0m] Reached target Encrypted Volumes.
[   16.853687] systemd[1]: Listening on Syslog Socket.
[[0;32m  OK  [0m] Listening on Syslog Socket.
[   16.871091] systemd[1]: Listening on udev Kernel Socket.
[[0;32m  OK  [0m] Listening on udev Kernel Socket.
[   16.890849] systemd[1]: Listening on fsck to fsckd communication Socket.
[[0;32m  OK  [0m] Listening on fsck to fsckd communication Socket.
[   16.912256] systemd[1]: Created slice User and Session Slice.
[[0;32m  OK  [0m] Created slice User and Session Slice.
[   16.931306] systemd[1]: Reached target Swap.
[[0;32m  OK  [0m] Reached target Swap.
[   16.947633] systemd[1]: Reached target User and Group Name Lookups.
[[0;32m  OK  [0m] Reached target User and Group Name Lookups.
[   16.967831] systemd[1]: Listening on /dev/initctl Compatibility Named Pipe.
[[0;32m  OK  [0m] Listening on /dev/initctl Compatibility Named Pipe.
[   16.990063] systemd[1]: Listening on Journal Socket.
[[0;32m  OK  [0m] Listening on Journal Socket.
[   17.007782] systemd[1]: Started Trigger resolvconf update for networkd DNS.
[[0;32m  OK  [0m] Started Trigger resolvconf update for networkd DNS.
[   17.028853] systemd[1]: Listening on Journal Socket (/dev/log).
[[0;32m  OK  [0m] Listening on Journal Socket (/dev/log).
[   17.047902] systemd[1]: Started Forward Password Requests to Wall Directory Watch.
[[0;32m  OK  [0m] Started Forward Password Requests to Wall Directory Watch.
[   17.071649] systemd[1]: Set up automount Arbitrary Executable File Formats File System Automount Point.
[[0;32m  OK  [0m] Set up automount Arbitrary Executab...ats File System Automount Point.
[   17.098083] systemd[1]: Listening on udev Control Socket.
[[0;32m  OK  [0m] Listening on udev Control Socket.
[   17.118292] systemd[1]: Created slice System Slice.
[[0;32m  OK  [0m] Created slice System Slice.
[   17.149226] systemd[1]: Starting Set console keymap...
         Starting Set console keymap...
[   17.165559] systemd[1]: Starting Create list of required static device nodes for the current kernel...
         Starting Create list of required st... nodes for the current kernel...
[   17.197811] systemd[1]: Starting Uncomplicated firewall...
         Starting Uncomplicated firewall...
[   17.217737] systemd[1]: Mounting POSIX Message Queue File System...
         Mounting POSIX Message Queue File System...
[   17.238570] systemd[1]: Starting File System Check on Root Device...
         Starting File System Check on Root Device...
[   17.262174] systemd[1]: Created slice system-serial\x2dgetty.slice.
[[0;32m  OK  [0m] Created slice system-serial\x2dgetty.slice.
[   17.288406] systemd[1]: Starting Monitoring of LVM2 mirrors, snapshots etc. using dmeventd or progress polling...
         Starting Monitoring of LVM2 mirrors... dmeventd or progress polling...
[   17.505850] systemd[1]: Starting Load Kernel Modules...
         Starting Load Kernel Modules...
[   17.538013] systemd[1]: Reached target Slices.
[[0;32m  OK  [0m] Reached target Slices.
[   17.574232] systemd[1]: Starting Journal Service...
         Starting Journal Service...
[   17.596034] systemd[1]: Mounting Debug File System...
         Mounting Debug File System...
[   17.809509] systemd[1]: Starting Nameserver information manager...
         Starting Nameserver information manager...
[   17.852011] systemd[1]: Mounting Huge Pages File System...
         Mounting Huge Pages File System...
[   17.874695] systemd[1]: Mounted Huge Pages File System.
[[0;32m  OK  [0m] Mounted Huge Pages File System.
[   17.900989] systemd[1]: Mounted POSIX Message Queue File System.
[[0;32m  OK  [0m] Mounted POSIX Message Queue File System.
[   17.921372] systemd[1]: Mounted Debug File System.
[[0;32m  OK  [0m] Mounted Debug File System.
[   17.940181] systemd[1]: Started Set console keymap.
[[0;32m  OK  [0m] Started Set console keymap.
[   17.962175] systemd[1]: Started Create list of required static device nodes for the current kernel.
[   17.981171] Loading iSCSI transport class v2.0-870.
[[0;32m  OK  [0m] Started Create list of required sta...ce nodes for the current kernel.
[   18.001653] systemd[1]: Started Uncomplicated firewall.
[[0;32m  OK  [0m] Started Uncomplicated firewall.
[   18.042569] systemd[1]: Started File System Check Daemon to report status.
[[0;32m  OK  [0m] Started File System Check Daemon to report status.
[   18.072702] systemd[1]: Starting Create Static Device Nodes in /dev...
         Starting Create Static Device Nodes in /dev...
[   18.093805] systemd[1]: Started File System Check on Root Device.
[[0;32m  OK  [0m] Started File System Check on Root Device.
[   18.118994] iscsi: registered transport (tcp)
[   18.132705] systemd[1]: Started Nameserver information manager.
[[0;32m  OK  [0m] Started Nameserver information manager.
[   18.159531] systemd[1]: Starting Remount Root and Kernel File Systems...
         Starting Remount Root and Kernel File Systems...
[   18.184250] systemd[1]: Started LVM2 metadata daemon.
[[0;32m  OK  [0m] Started LVM2 metadata daemon.
[   18.215700] systemd[1]: Started Journal Service.
[   18.224349] EXT4-fs (sda1): re-mounted. Opts: (null)
[[0;32m  OK  [0m] Started Journal Service.
[[0;32m  OK  [0m] Started Remount Root and Kernel File Systems.
         Starting Load/Save Random Seed...
         Starting udev Coldplug all Devices...
         Starting Flush Journal to Persistent Storage...
[[0;32m  OK  [0m] Started Load/Save Random Seed.
[   18.550125] systemd-journald[380]: Received request to flush runtime journal from PID 1
[[0;32m  OK  [0m] Started Flush Journal to Persistent Storage.
[   18.609691] iscsi: registered transport (iser)
[[0;32m  OK  [0m] Started Load Kernel Modules.
         Starting Apply Kernel Variables...
         Mounting FUSE Control File System...
[[0;32m  OK  [0m] Mounted FUSE Control File System.
[[0;32m  OK  [0m] Started udev Coldplug all Devices.
[[0;32m  OK  [0m] Started Monitoring of LVM2 mirrors,...ng dmeventd or progress polling.
[[0;32m  OK  [0m] Started Apply Kernel Variables.
[[0;32m  OK  [0m] Started Create Static Device Nodes in /dev.
         Starting udev Kernel Device Manager...
[[0;32m  OK  [0m] Reached target Local File Systems (Pre).
[[0;32m  OK  [0m] Reached target Local File Systems.
         Starting Create Volatile Files and Directories...
         Starting LSB: AppArmor initialization...
         Starting Tell Plymouth To Write Out Runtime Data...
         Starting Initial cloud-init job (pre-networking)...
         Starting Commit a transient machine-id on disk...
         Starting Set console font and keymap...
[[0;32m  OK  [0m] Started Commit a transient machine-id on disk.
[[0;32m  OK  [0m] Started Create Volatile Files and Directories.
         Starting Update UTMP about System Boot/Shutdown...
[[0;32m  OK  [0m] Started Tell Plymouth To Write Out Runtime Data.
[[0;32m  OK  [0m] Started Update UTMP about System Boot/Shutdown.
[[0;32m  OK  [0m] Started udev Kernel Device Manager.
[[0;32m  OK  [0m] Started Dispatch Password Requests to Console Directory Watch.
[[0;32m  OK  [0m] Found device /dev/ttyS0.
[[0;32m  OK  [0m] Listening on Load/Save RF Kill Switch Status /dev/rfkill Watch.
[[0;32m  OK  [0m] Started LSB: AppArmor initialization.
         Starting Load AppArmor profiles managed internally by snapd...
[[0;32m  OK  [0m] Started Load AppArmor profiles managed internally by snapd.
[[0;32m  OK  [0m] Started Set console font and keymap.
[[0;32m  OK  [0m] Created slice system-getty.slice.
[   26.198033] cloud-init[471]: Cloud-init v. 21.1-19-gbad84ad4-0ubuntu1~16.04.2 running 'init-local' at Sun, 02 Oct 2022 10:33:25 +0000. Up 25.17 seconds.
[[0;32m  OK  [0m] Started Initial cloud-init job (pre-networking).
[[0;32m  OK  [0m] Reached target Network (Pre).
         Starting Raise network interfaces...
[[0;32m  OK  [0m] Started Raise network interfaces.
         Starting Initial cloud-init job (metadata service crawler)...
[[0;32m  OK  [0m] Reached target Network.
[   29.546233] cloud-init[951]: Cloud-init v. 21.1-19-gbad84ad4-0ubuntu1~16.04.2 running 'init' at Sun, 02 Oct 2022 10:33:27 +0000. Up 27.38 seconds.
[   29.565365] cloud-init[951]: ci-info: ++++++++++++++++++++++++++++++++++++++Net device info+++++++++++++++++++++++++++++++++++++++
[   29.583278] cloud-init[951]: ci-info: +--------+-------+----------------------------+---------------+--------+-------------------+
[   29.598660] cloud-init[951]: ci-info: | Device |   Up  |          Address           |      Mask     | Scope  |     Hw-Address    |
[   29.615492] cloud-init[951]: ci-info: +--------+-------+----------------------------+---------------+--------+-------------------+[[0;32m  OK  [0m] Started Initial cloud-init job (metadata service crawler).
[[0;32m  OK  [0m] Reached target Cloud-config availability.
[[0;32m  OK  [0m] Reached target System Initialization.
[[0;32m  OK  [0m] Started Daily Cleanup of Temporary Directories.
[[0;32m  OK  [0m] Started Ubuntu Advantage update messaging.
         Starting Socket activation for snappy daemon.
[[0;32m  OK  [0m] Listening on ACPID Listen Socket.

[   29.656825] cloud-init[951]: ci-info: | enp0s3 |  True |         10.0.2.15          | 255.255.255.0 | global | 02:be:82:6b:cc:1d |
[   29.668072] cloud-init[951]: ci-info: | enp0s3 |  True | fe80::be:82ff:fe6b:cc1d/64 |       .       |  link  | 02:be:82:6b:cc:1d |
[[0;32m  OK  [0m] Started ACPI Events Check.
[   29.679922] cloud-init[951]: ci-info: | enp0s8 | False |             .              |       .       |   .    | 08:00:27:74:78:45 |
[   29.688960] cloud-init[951]: ci-info: |   lo   |  True |         127.0.0.1          |   255.0.0.0   |  host  |         .         |
[   29.689647] cloud-init[951]: ci-info: |   lo   |  True |          ::1/128           |       .       |  host  |         .         |
[   29.690507] cloud-init[951]: ci-info: +--------+-------+----------------------------+---------------+--------+-------------------+
[[0;32m  OK  [0m] Reached target Paths.
[[0;32m  OK  [0m] Listening on D-Bus System Message Bus Socket.
[   29.691415] cloud-init[951]: ci-info: +++++++++++++++++++++++++++Route IPv4 info++++++++++++++++++++++++++++
[   29.729325]          Starting LXD - unix socket.
[[0;32m  OK  [0m] Started Message of the Day.
[[0;32m  OK  [0m] Listening on UUID daemon activation socket.
[[0;32m  OK  [0m] Started Daily apt download activities.
[[0;32m  OK  [0m] Started Daily apt upgrade and clean activities.
[[0;32m  OK  [0m] Reached target Timers.
[[0;32m  OK  [0m] Reached target Network is Online.
cloud-init[951]: ci-info: +-------+-------------+----------+---------------+-----------+-------+
[   29.761153] cloud-init[951]: ci-info: | Route | Destination | Gateway  |    Genmask    | Interface | Flags |         Starting iSCSI initiator daemon (iscsid)...
[[0;32m  OK  [0m] Listening on Socket activation for snappy daemon.
[[0;32m  OK  [0m] Listening on LXD - unix socket.
[[0;32m  OK  [0m] Reached target Sockets.
[[0;32m  OK  [0m] Reached target Basic System.
[[0;32m  OK  [0m] Started Deferred execution scheduler.
         Starting LSB: Record successful boot for GRUB...
         Starting /etc/rc.local Compatibility...

         Starting LXD - container startup/shutdown...
         Starting Login Service...
         Starting Accounts Service...
[   29.817709] cloud-init[951]: ci-info: +-------+-------------+----------+---------------+-----------+-------+
[   29.830513] cloud-init[951]: ci-info: |   0   |   0.0.0.0   | 10.0.2.2 |    0.0.0.0    |   enp0s3  |   UG  |
[   29.842996] cloud-init[951]: ci-info: |   1   |   10.0.2.0  | 0.0.0.0  | 255.255.255.0 |   enp0s3  |   U   |
[   29.857179] cloud-init[951]: ci-info: +-------+-------------+----------+---------------+-----------+-------+
[   29.870264] cloud-init[951]: ci-info: +++++++++++++++++++Route IPv6 info+++++++++++++++++++[[0;32m  OK  [0m] Started ACPI event daemon.
         Starting LSB: MD monitoring daemon...

[   29.889243] cloud-init[951]: ci-info: +-------+-------------+---------+-----------+-------+
[   29.900906] cloud-init[951]: ci-info: | Route | Destination | Gateway | Interface | Flags |
[   29.913326] cloud-init[951]: ci-info: +-------+-------------+---------+-----------+-------+
[   29.925588] cloud-init[951]: ci-info: |   0   |  fe80::/64  |    ::   |   enp0s3  |   U   |
[   29.937386] cloud-init[951]: ci-info: |   3   |   ff00::/8  |    ::   |   enp0s3  |   U   |
[   29.948988] cloud-init[951]: ci-info: +-------+-------------+---------+-----------+-------+
[   29.960783] cloud-init[951]: Generating public/private rsa key pair.
[   29.971247] cloud-init[951]: Your identification has been saved in /etc/ssh/ssh_host_rsa_key.
[   29.983336] cloud-init[951]: Your public key has been saved in /etc/ssh/ssh_host_rsa_key.pub.
[   30.001068] cloud-init[951]: The key fingerprint is:
[   30.046067] cloud-init[951]: SHA256:LoadNKlmHfdB6VVoXFrXl0Y10PTTK4Vl328CwQEHSto root@ubuntu-xenial
[   30.055697] cloud-init[951]: The key's randomart image is:
[   30.063291] cloud-init[951]: +---[RSA 2048]----+
[   30.073242] cloud-init[951]: |        . o=+=O**|
[   30.079787] cloud-init[951]: |       + . o==+=O|
[[0;32m  OK  [0m] Started FUSE filesystem for LXC.
         Starting Virtualbox guest utils...
[[0;32m  OK  [0m] [   30.090629] cloud-init[951]: |      . E o.+..o*|
[   30.121210] cloud-init[951]: |       . o . .. +|
[   30.122385] cloud-init[951]: |      = S o  ...o|
[   30.123085] cloud-init[951]: |     * * . .  .o |
[   30.123866] cloud-init[951]: |    = * . .      |
[   30.125450] cloud-init[951]: |   o . .         |
[   30.126186] cloud-init[951]: |                 |
[   30.127105] cloud-init[951]: +----[SHA256]-----+
[   30.128018] cloud-init[951]: Generating public/private dsa key pair.
[   30.129786] cloud-init[951]: Your identification has been saved in /etc/ssh/ssh_host_dsa_key.
[   30.130680] cloud-init[951]: Your public key has been saved in /etc/ssh/ssh_host_dsa_key.pub.
[   30.133343] cloud-init[951]: The key fingerprint is:
[   30.134207] cloud-init[951]: SHA256:9n7cGgtOPtZLblbaGxARDTW2qZvmAYW5nRIS6dTMx2E root@ubuntu-xenial
[   30.135116] cloud-init[951]: The key's randomart image is:
[   30.135979] cloud-init[951]: +---[DSA 1024]----+
[   30.138302] cloud-init[951]: |        .= .E*+  |
[   30.139369] cloud-init[951]: |        o.++oo.+ |
[   30.141140] cloud-init[951]: |       o. +.o o  |
[   30.142072] cloud-init[951]: |        .. = +   |
[   30.142948] cloud-init[951]: |        S + =    |
[   30.144088] cloud-init[951]: |       . . o +.  |
[   30.145070] cloud-init[951]: |          +oB=.  |
[   30.145914] cloud-init[951]: |         =o*B+o. |
[   30.146818] cloud-init[951]: |         .+=*o.. |
[   30.147658] cloud-init[951]: +----[SHA256]-----+
[   30.149575] cloud-init[951]: Generating public/private ecdsa key pair.
[   30.150465] cloud-init[951]: Your identification has been saved in /etc/ssh/ssh_host_ecdsa_key.
[   30.151301] cloud-init[951]: Your public key has been saved in /etc/ssh/ssh_host_ecdsa_key.pub.
[   30.153159] cloud-init[951]: The key fingerprint is:
[   30.154069] cloud-init[951]: SHA256:LCGepl71kWES6cLt/JTmhlU8tbu79fWqYJIUpcw+JCA root@ubuntu-xenial
[   30.155065] cloud-init[951]: The key's randomart image is:
[   30.155930] cloud-init[951]: +---[ECDSA 256]---+
[   30.157981] cloud-init[951]: |  E . ..  .      |
[   30.158953] cloud-init[951]: |   . ..+ o  .    |
[   30.159943] cloud-init[951]: |   ..o+ O. . .   |
[   30.161716] cloud-init[951]: |   .oooO ++ .    |
[   30.162609] cloud-init[951]: |    ++o So . .   |
[   30.163548] cloud-init[951]: |   o .o+=+  .    |
[   30.165154] cloud-init[951]: |  . .  B+ o  .. .|
[   30.166147] cloud-init[951]: | . .  . +o ... .o|
[   30.166925] cloud-init[951]: |  .    .    ++..o|
[   30.167527] cloud-init[951]: +----[SHA256]-----+
[   30.169202] cloud-init[951]: Generating public/private ed25519 key pair.
[   30.169910] cloud-init[951]: Your identification has been saved in /etc/ssh/ssh_host_ed25519_key.
[   30.170588] cloud-init[951]: Your public key has been saved in /etc/ssh/ssh_host_ed25519_key.pub.
[   30.171163] cloud-init[951]: The key fingerprint is:
[   30.173815] cloud-init[951]: SHA256:mTc3TyxSO9XLBK2w3r5iuZpipz9Ot+bTxDkyJMCbpQQ root@ubuntu-xenial
[   30.174794] cloud-init[951]: The key's randomart image is:
[   30.177601] cloud-init[951]: +--[ED25519 256]--+
[   30.178475] cloud-init[951]: |     Eo      ..  |
[   30.179401] cloud-init[951]: |       + . .  .o |
[   30.181963] cloud-init[951]: |      . *   + o..|
[   30.182086] cloud-init[951]: |       + + + =o .|
[   30.182804] cloud-init[951]: |        S B O +o |
[   30.183586] cloud-init[951]: |         . B %   |
[   30.185191] cloud-init[951]: |         . .B o  |
[   30.186009] cloud-init[951]: |       o.oo*.o   |
[   30.186924] cloud-init[951]: |      ..*=*++..  |
[   30.187823] cloud-init[951]: +----[SHA256]-----+
Started D-Bus System Message Bus.
         Starting Pollinate to seed the pseudo random number generator...
         Starting System Logging Service...
[[0;32m  OK  [0m] Started Regular background program processing daemon.
         Starting Snap Daemon...
[[0;32m  OK  [0m] Started /etc/rc.local Compatibility.
[[0;32m  OK  [0m] Started Login Service.
[[0;32m  OK  [0m] Started Unattended Upgrades Shutdown.
[[0;32m  OK  [0m] Started iSCSI initiator daemon (iscsid).
         Starting Login to default iSCSI targets...
         Starting Authenticate and Authorize Users to Run Privileged Tasks...
[[0;32m  OK  [0m] Started LSB: MD monitoring daemon.
[[0;32m  OK  [0m] Started System Logging Service.
[[0;32m  OK  [0m] Started LSB: Record successful boot for GRUB.
[[0;32m  OK  [0m] Started Login to default iSCSI targets.
[[0;32m  OK  [0m] Reached target Remote File Systems (Pre).
[[0;32m  OK  [0m] Reached target Remote File Systems.
         Starting LSB: daemon to balance interrupts for SMP systems...
         Starting LSB: automatic crash report generation...
         Starting Permit User Sessions...
         Starting LSB: Set the CPU Frequency Scaling governor to "ondemand"...
[[0;32m  OK  [0m] Started LSB: Set the CPU Frequency Scaling governor to "ondemand".
[[0;32m  OK  [0m] Started Permit User Sessions.
         Starting Terminate Plymouth Boot Screen...
         Starting Hold until boot process finishes up...
[[0;32m  OK  [0m] Started LSB: automatic crash report generation.
[[0;32m  OK  [0m] Started Terminate Plymouth Boot Screen.
[[0;32m  OK  [0m] Started Hold until boot process finishes up.
[[0;32m  OK  [0m] Started Getty on tty1.
[[0;32m  OK  [0m] Started Serial Getty on ttyS0.
[[0;32m  OK  [0m] Reached target Login Prompts.
         Starting Set console scheme...
[[0;32m  OK  [0m] Started LSB: daemon to balance interrupts for SMP systems.
[[0;32m  OK  [0m] Started Set console scheme.
[[0;32m  OK  [0m] Started Authenticate and Authorize Users to Run Privileged Tasks.
[[0;32m  OK  [0m] Started Accounts Service.
[[0;32m  OK  [0m] Started Virtualbox guest utils.
[[0;32m  OK  [0m] Started LXD - container startup/shutdown.
[[0;32m  OK  [0m] Started Snap Daemon.
         Starting Wait until snapd is fully seeded...
[[0;32m  OK  [0m] Started Pollinate to seed the pseudo random number generator.
         Starting OpenBSD Secure Shell server...
[[0;32m  OK  [0m] Started OpenBSD Secure Shell server.
[[0;32m  OK  [0m] Created slice User Slice of vagrant.
         Starting User Manager for UID 1000...
[[0;32m  OK  [0m] Started Session 1 of user vagrant.
[[0;32m  OK  [0m] Started User Manager for UID 1000.

Ubuntu 16.04.7 LTS ubuntu-xenial ttyS0

ubuntu-xenial login: [   43.487598] cloud-init[1463]: Generating locales (this might take a while)...
[   51.391285] cloud-init[1463]:   en_US.UTF-8... done
[   51.403470] cloud-init[1463]: Generation complete.
[   61.318438] cloud-init[1463]: Cloud-init v. 21.1-19-gbad84ad4-0ubuntu1~16.04.2 running 'modules:config' at Sun, 02 Oct 2022 10:33:42 +0000. Up 42.22 seconds.
ci-info: no authorized SSH keys fingerprints found for user ubuntu.
<14>Oct  2 10:34:03 ec2: 
<14>Oct  2 10:34:03 ec2: #############################################################
<14>Oct  2 10:34:03 ec2: -----BEGIN SSH HOST KEY FINGERPRINTS-----
<14>Oct  2 10:34:03 ec2: 1024 SHA256:9n7cGgtOPtZLblbaGxARDTW2qZvmAYW5nRIS6dTMx2E root@ubuntu-xenial (DSA)
<14>Oct  2 10:34:03 ec2: 256 SHA256:LCGepl71kWES6cLt/JTmhlU8tbu79fWqYJIUpcw+JCA root@ubuntu-xenial (ECDSA)
<14>Oct  2 10:34:03 ec2: 256 SHA256:mTc3TyxSO9XLBK2w3r5iuZpipz9Ot+bTxDkyJMCbpQQ root@ubuntu-xenial (ED25519)
<14>Oct  2 10:34:03 ec2: 2048 SHA256:LoadNKlmHfdB6VVoXFrXl0Y10PTTK4Vl328CwQEHSto root@ubuntu-xenial (RSA)
<14>Oct  2 10:34:03 ec2: -----END SSH HOST KEY FINGERPRINTS-----
<14>Oct  2 10:34:03 ec2: #############################################################
-----BEGIN SSH HOST KEY KEYS-----
ecdsa-sha2-nistp256 AAAAE2VjZHNhLXNoYTItbmlzdHAyNTYAAAAIbmlzdHAyNTYAAABBBIoHO/MdSW21YxW9NjQ5N/miFDTcvKpiHTMJRaCi46VZ2xswMmrV+lqVNfF0jslwDEkj8ZsacF2b5FV879apcFo= root@ubuntu-xenial
ssh-ed25519 AAAAC3NzaC1lZDI1NTE5AAAAIEk2VURCyFwMSrHQC59o6vNvQfZPFblpVrUdnFzNFlsk root@ubuntu-xenial
ssh-rsa AAAAB3NzaC1yc2EAAAADAQABAAABAQDusS8WadqHJGvqjXtFPU/+rdcnJs5YNj9wBogSIo4VUmkHxZzea87iv41zGkxaMEzgb5qXM9dvqtKr1TirfOYcSboY9g3OcA+FF4bMHY5R4XJrbVc+CCS1T5af5atbYGF4rIaaXTJfCACBjs3bDb1Pr6owt8eGgRMdwnaQMp66syNQSD+fSsLU7POPPHpaY7YkvCD1CxYNj+3EmolEsznBFUDvEm5cakwMl8+y3dIyzDfIL+/Pf8OOLj5+UDRNvbsqxvwC8pETOdUIIE8umitXEG+YYTBrVa+ziVeohAAKNFBJSXiMJckXcm7n0N6D8BL/tSFvAq+xjfHX9TBz4Pyf root@ubuntu-xenial
-----END SSH HOST KEY KEYS-----
[   63.685228] cloud-init[1579]: Cloud-init v. 21.1-19-gbad84ad4-0ubuntu1~16.04.2 running 'modules:final' at Sun, 02 Oct 2022 10:34:01 +0000. Up 61.76 seconds.
[   63.698877] cloud-init[1579]: ci-info: no authorized SSH keys fingerprints found for user ubuntu.
[   63.708764] cloud-init[1579]: Cloud-init v. 21.1-19-gbad84ad4-0ubuntu1~16.04.2 finished at Sun, 02 Oct 2022 10:34:03 +0000. Datasource DataSourceNoCloud [seed=/dev/sdb][dsmode=net].  Up 63.60 seconds
